<?xml version="1.0" encoding="utf-8"?>
<coverage line-rate="0.6666" branch-rate="1" version="1.9" timestamp="1744423953" lines-covered="4" lines-valid="6" branches-covered="0" branches-valid="0">
  <sources>
    <source>C:\Users\david\WorkSpace\Sources\DSx-WorkSpace\DSx.Caching\sources\DSx.Caching.Abstractions\Models\</source>
  </sources>
  <packages>
    <package name="DSx.Caching.Abstractions" line-rate="0.6666" branch-rate="1" complexity="6">
      <classes>
        <class name="DSx.Caching.Abstractions.Models.CacheEntryOptions" filename="CacheEntryOptions.cs" line-rate="0.5" branch-rate="1" complexity="2">
          <methods>
            <method name="get_AbsoluteExpiration" signature="()" line-rate="1" branch-rate="1" complexity="1">
              <lines>
                <line number="13" hits="2" branch="False" />
              </lines>
            </method>
            <method name="get_SlidingExpiration" signature="()" line-rate="0" branch-rate="1" complexity="1">
              <lines>
                <line number="20" hits="0" branch="False" />
              </lines>
            </method>
          </methods>
          <lines>
            <line number="13" hits="2" branch="False" />
            <line number="20" hits="0" branch="False" />
          </lines>
        </class>
        <class name="DSx.Caching.Abstractions.Models.CacheOperationResult" filename="CacheOperationResult.cs" line-rate="0.6666" branch-rate="1" complexity="3">
          <methods>
            <method name="get_Status" signature="()" line-rate="1" branch-rate="1" complexity="1">
              <lines>
                <line number="11" hits="10" branch="False" />
              </lines>
            </method>
            <method name="get_Details" signature="()" line-rate="0" branch-rate="1" complexity="1">
              <lines>
                <line number="16" hits="0" branch="False" />
              </lines>
            </method>
            <method name="get_IsSuccess" signature="()" line-rate="1" branch-rate="1" complexity="1">
              <lines>
                <line number="21" hits="4" branch="False" />
              </lines>
            </method>
          </methods>
          <lines>
            <line number="11" hits="10" branch="False" />
            <line number="16" hits="0" branch="False" />
            <line number="21" hits="4" branch="False" />
          </lines>
        </class>
        <class name="DSx.Caching.Abstractions.Models.CacheOperationResult`1" filename="CacheOperationResult.cs" line-rate="1" branch-rate="1" complexity="1">
          <methods>
            <method name="get_Value" signature="()" line-rate="1" branch-rate="1" complexity="1">
              <lines>
                <line number="33" hits="2" branch="False" />
              </lines>
            </method>
          </methods>
          <lines>
            <line number="33" hits="2" branch="False" />
          </lines>
        </class>
      </classes>
    </package>
  </packages>
</coverage>